2024-01-08 11:48:33.641  INFO 40612 --- [restartedMain] c.V.V.VendingMachine01Application        : Starting VendingMachine01Application using Java 17.0.9 on CHE-HKUMAR-LT with PID 40612 (C:\Users\Hemanth.kumar\IdeaProjects\Vending-machine-master shared\04-01-2024 12pm after merging all transcation into one in purchasehistory table\Vending-machine-master\target\classes started by Hemanth.Kumar in C:\Users\Hemanth.kumar\IdeaProjects\Vending-machine-master shared\04-01-2024 12pm after merging all transcation into one in purchasehistory table\Vending-machine-master)
2024-01-08 11:48:33.649  INFO 40612 --- [restartedMain] c.V.V.VendingMachine01Application        : No active profile set, falling back to 1 default profile: "default"
2024-01-08 11:48:33.709  INFO 40612 --- [restartedMain] .e.DevToolsPropertyDefaultsPostProcessor : Devtools property defaults active! Set 'spring.devtools.add-properties' to 'false' to disable
2024-01-08 11:48:33.709  INFO 40612 --- [restartedMain] .e.DevToolsPropertyDefaultsPostProcessor : For additional web related logging consider setting the 'logging.level.web' property to 'DEBUG'
2024-01-08 11:48:34.982  INFO 40612 --- [restartedMain] .s.d.r.c.RepositoryConfigurationDelegate : Multiple Spring Data modules found, entering strict repository configuration mode
2024-01-08 11:48:34.984  INFO 40612 --- [restartedMain] .s.d.r.c.RepositoryConfigurationDelegate : Bootstrapping Spring Data JDBC repositories in DEFAULT mode.
2024-01-08 11:48:35.004  INFO 40612 --- [restartedMain] .s.d.r.c.RepositoryConfigurationDelegate : Finished Spring Data repository scanning in 15 ms. Found 0 JDBC repository interfaces.
2024-01-08 11:48:35.014  INFO 40612 --- [restartedMain] .s.d.r.c.RepositoryConfigurationDelegate : Multiple Spring Data modules found, entering strict repository configuration mode
2024-01-08 11:48:35.015  INFO 40612 --- [restartedMain] .s.d.r.c.RepositoryConfigurationDelegate : Bootstrapping Spring Data JPA repositories in DEFAULT mode.
2024-01-08 11:48:35.029  INFO 40612 --- [restartedMain] .s.d.r.c.RepositoryConfigurationDelegate : Finished Spring Data repository scanning in 7 ms. Found 0 JPA repository interfaces.
2024-01-08 11:48:36.114  INFO 40612 --- [restartedMain] o.s.b.w.embedded.tomcat.TomcatWebServer  : Tomcat initialized with port(s): 8080 (http)
2024-01-08 11:48:36.131  INFO 40612 --- [restartedMain] o.apache.catalina.core.StandardService   : Starting service [Tomcat]
2024-01-08 11:48:36.131  INFO 40612 --- [restartedMain] org.apache.catalina.core.StandardEngine  : Starting Servlet engine: [Apache Tomcat/9.0.68]
2024-01-08 11:48:36.493  INFO 40612 --- [restartedMain] org.apache.jasper.servlet.TldScanner     : At least one JAR was scanned for TLDs yet contained no TLDs. Enable debug logging for this logger for a complete list of JARs that were scanned but no TLDs were found in them. Skipping unneeded JARs during scanning can improve startup time and JSP compilation time.
2024-01-08 11:48:36.501  INFO 40612 --- [restartedMain] o.a.c.c.C.[Tomcat].[localhost].[/]       : Initializing Spring embedded WebApplicationContext
2024-01-08 11:48:36.501  INFO 40612 --- [restartedMain] w.s.c.ServletWebServerApplicationContext : Root WebApplicationContext: initialization completed in 2791 ms
2024-01-08 11:48:37.196  INFO 40612 --- [restartedMain] o.f.c.internal.license.VersionPrinter    : Flyway Community Edition 8.0.1 by Redgate
2024-01-08 11:48:37.197  INFO 40612 --- [restartedMain] o.f.c.i.database.base.BaseDatabaseType   : Database: jdbc:sqlserver://localhost:1433;connectRetryInterval=10;connectRetryCount=1;maxResultBuffer=-1;sendTemporalDataTypesAsStringForBulkCopy=true;delayLoadingLobs=true;useFmtOnly=false;useBulkCopyForBatchInsert=false;cancelQueryTimeout=-1;sslProtocol=TLS;jaasConfigurationName=SQLJDBCDriver;statementPoolingCacheSize=0;serverPreparedStatementDiscardThreshold=10;enablePrepareOnFirstPreparedStatementCall=false;fips=false;socketTimeout=0;authentication=NotSpecified;authenticationScheme=nativeAuthentication;xopenStates=false;sendTimeAsDatetime=true;replication=false;trustStoreType=JKS;trustServerCertificate=true;TransparentNetworkIPResolution=true;serverNameAsACE=false;sendStringParametersAsUnicode=true;selectMethod=direct;responseBuffering=adaptive;queryTimeout=-1;packetSize=8000;multiSubnetFailover=false;loginTimeout=15;lockTimeout=-1;lastUpdateCount=true;encrypt=true;disableStatementPooling=true;databaseName=flywaydemo;columnEncryptionSetting=Disabled;applicationName=Microsoft JDBC Driver for SQL Server;applicationIntent=readwrite; (Microsoft SQL Server 15.0)
2024-01-08 11:48:37.263  INFO 40612 --- [restartedMain] o.f.core.internal.command.DbValidate     : Successfully validated 2 migrations (execution time 00:00.038s)
2024-01-08 11:48:37.276  INFO 40612 --- [restartedMain] o.f.core.internal.command.DbMigrate      : Current version of schema [dbo]: 2
2024-01-08 11:48:37.278  INFO 40612 --- [restartedMain] o.f.core.internal.command.DbMigrate      : Schema [dbo] is up to date. No migration necessary.
2024-01-08 11:48:37.455  INFO 40612 --- [restartedMain] o.hibernate.jpa.internal.util.LogHelper  : HHH000204: Processing PersistenceUnitInfo [name: default]
2024-01-08 11:48:37.535  INFO 40612 --- [restartedMain] org.hibernate.Version                    : HHH000412: Hibernate ORM core version 5.6.12.Final
2024-01-08 11:48:37.765  INFO 40612 --- [restartedMain] o.hibernate.annotations.common.Version   : HCANN000001: Hibernate Commons Annotations {5.1.2.Final}
2024-01-08 11:48:37.909  INFO 40612 --- [restartedMain] com.zaxxer.hikari.HikariDataSource       : HikariPool-1 - Starting...
2024-01-08 11:48:37.968  INFO 40612 --- [restartedMain] com.zaxxer.hikari.HikariDataSource       : HikariPool-1 - Start completed.
2024-01-08 11:48:38.003  INFO 40612 --- [restartedMain] org.hibernate.dialect.Dialect            : HHH000400: Using dialect: org.hibernate.dialect.SQLServer2016Dialect
2024-01-08 11:48:38.369  INFO 40612 --- [restartedMain] o.h.e.t.j.p.i.JtaPlatformInitiator       : HHH000490: Using JtaPlatform implementation: [org.hibernate.engine.transaction.jta.platform.internal.NoJtaPlatform]
2024-01-08 11:48:38.378  INFO 40612 --- [restartedMain] j.LocalContainerEntityManagerFactoryBean : Initialized JPA EntityManagerFactory for persistence unit 'default'
2024-01-08 11:48:38.638  WARN 40612 --- [restartedMain] JpaBaseConfiguration$JpaWebConfiguration : spring.jpa.open-in-view is enabled by default. Therefore, database queries may be performed during view rendering. Explicitly configure spring.jpa.open-in-view to disable this warning
2024-01-08 11:48:38.819  INFO 40612 --- [restartedMain] o.s.s.web.DefaultSecurityFilterChain     : Will secure any request with [org.springframework.security.web.session.DisableEncodeUrlFilter@7abccd5, org.springframework.security.web.context.request.async.WebAsyncManagerIntegrationFilter@4601d852, org.springframework.security.web.context.SecurityContextPersistenceFilter@10703797, org.springframework.security.web.header.HeaderWriterFilter@5a54e188, org.springframework.security.web.authentication.logout.LogoutFilter@33eb09e1, org.springframework.security.web.authentication.UsernamePasswordAuthenticationFilter@781623fe, org.springframework.security.web.savedrequest.RequestCacheAwareFilter@28f97f47, org.springframework.security.web.servletapi.SecurityContextHolderAwareRequestFilter@f63f2f, org.springframework.security.web.authentication.AnonymousAuthenticationFilter@495667ad, org.springframework.security.web.session.SessionManagementFilter@18b2cd46, org.springframework.security.web.access.ExceptionTranslationFilter@535018fd, org.springframework.security.web.access.intercept.FilterSecurityInterceptor@1bb6c501]
2024-01-08 11:48:40.291  WARN 40612 --- [restartedMain] o.s.data.convert.CustomConversions       : Registering converter from class microsoft.sql.DateTimeOffset to class java.time.OffsetDateTime as reading converter although it doesn't convert from a store-supported type; You might want to check your annotation setup at the converter implementation
2024-01-08 11:48:40.400  INFO 40612 --- [restartedMain] o.s.b.d.a.OptionalLiveReloadServer       : LiveReload server is running on port 35729
2024-01-08 11:48:40.407  INFO 40612 --- [restartedMain] o.s.b.a.e.web.EndpointLinksResolver      : Exposing 15 endpoint(s) beneath base path '/actuator'
2024-01-08 11:48:40.482  INFO 40612 --- [restartedMain] o.s.b.w.embedded.tomcat.TomcatWebServer  : Tomcat started on port(s): 8080 (http) with context path ''
2024-01-08 11:48:40.504  INFO 40612 --- [restartedMain] c.V.V.VendingMachine01Application        : Started VendingMachine01Application in 7.347 seconds (JVM running for 8.138)
2024-01-08 11:49:31.670  INFO 40612 --- [http-nio-8080-exec-1] o.a.c.c.C.[Tomcat].[localhost].[/]       : Initializing Spring DispatcherServlet 'dispatcherServlet'
2024-01-08 11:49:44.651  INFO 40612 --- [http-nio-8080-exec-2] c.V.V.controller.ProductController       : quantity for the purchase == [0, 2, 0, 0, 0, 0] 
2024-01-08 11:49:44.651  INFO 40612 --- [http-nio-8080-exec-2] c.V.V.controller.ProductController       : quantity size for the purchase == 6 
2024-01-08 11:49:48.089  INFO 40612 --- [http-nio-8080-exec-4] c.V.V.service.InventoryService           : product id in purchase product == 80 
2024-01-08 11:49:48.090  INFO 40612 --- [http-nio-8080-exec-4] c.V.V.service.InventoryService           : inSIDE  multiplePurchaseProduct METHOD
2024-01-08 11:49:48.091  INFO 40612 --- [http-nio-8080-exec-4] c.V.V.service.InventoryService           : inSIDE  multiplePurchaseProduct METHOD CHANGE VALUE IS ====  20
2024-01-08 11:49:48.117  INFO 40612 --- [http-nio-8080-exec-4] c.V.V.service.InventoryService           : change amount for the purchase == 20 
2024-01-08 11:49:48.117  INFO 40612 --- [http-nio-8080-exec-4] c.V.V.service.InventoryService           : new balance in the vending machine == 2615
2024-01-08 11:49:48.135  INFO 40612 --- [http-nio-8080-exec-4] c.V.V.service.InventoryService           : Change Denominations:
2024-01-08 11:49:48.135  INFO 40612 --- [http-nio-8080-exec-4] c.V.V.service.InventoryService           : 20 Rupees: 1 notes/coins
2024-01-08 11:49:48.184  INFO 40612 --- [http-nio-8080-exec-4] c.V.V.service.InventoryService           : in addUpdateDenominationCounts METHOD
2024-01-08 11:49:48.184  INFO 40612 --- [http-nio-8080-exec-4] c.V.V.service.InventoryService           : in addUpdateDenominationCounts METHOD
2024-01-08 11:49:48.184  INFO 40612 --- [http-nio-8080-exec-4] c.V.V.service.InventoryService           : in addUpdateDenominationCounts METHOD
2024-01-08 11:49:48.184  INFO 40612 --- [http-nio-8080-exec-4] c.V.V.service.InventoryService           : in addUpdateDenominationCounts METHOD
2024-01-08 11:49:48.199  INFO 40612 --- [http-nio-8080-exec-4] c.V.V.service.InventoryService           : in addUpdateDenominationCounts METHOD
2024-01-08 11:49:48.202  INFO 40612 --- [http-nio-8080-exec-4] c.V.V.service.InventoryService           : in addUpdateDenominationCounts METHOD
2024-01-08 11:58:12.538  WARN 40612 --- [HikariPool-1 housekeeper] com.zaxxer.hikari.pool.HikariPool        : HikariPool-1 - Thread starvation or clock leap detected (housekeeper delta=4m34s378ms845µs701ns).
2024-01-08 15:15:02.485  INFO 23576 --- [restartedMain] c.V.V.VendingMachine01Application        : Starting VendingMachine01Application using Java 17.0.9 on CHE-HKUMAR-LT with PID 23576 (C:\Users\Hemanth.kumar\IdeaProjects\Vending-machine-master shared\02-01-24 4.32pm afterchanging purchase history table\Vending-machine-master\target\classes started by Hemanth.Kumar in C:\Users\Hemanth.kumar\IdeaProjects\Vending-machine-master shared\02-01-24 4.32pm afterchanging purchase history table\Vending-machine-master)
2024-01-08 15:15:02.487  INFO 23576 --- [restartedMain] c.V.V.VendingMachine01Application        : No active profile set, falling back to 1 default profile: "default"
2024-01-08 15:15:02.553  INFO 23576 --- [restartedMain] .e.DevToolsPropertyDefaultsPostProcessor : Devtools property defaults active! Set 'spring.devtools.add-properties' to 'false' to disable
2024-01-08 15:15:02.553  INFO 23576 --- [restartedMain] .e.DevToolsPropertyDefaultsPostProcessor : For additional web related logging consider setting the 'logging.level.web' property to 'DEBUG'
2024-01-08 15:15:04.128  INFO 23576 --- [restartedMain] .s.d.r.c.RepositoryConfigurationDelegate : Multiple Spring Data modules found, entering strict repository configuration mode
2024-01-08 15:15:04.131  INFO 23576 --- [restartedMain] .s.d.r.c.RepositoryConfigurationDelegate : Bootstrapping Spring Data JDBC repositories in DEFAULT mode.
2024-01-08 15:15:04.159  INFO 23576 --- [restartedMain] .s.d.r.c.RepositoryConfigurationDelegate : Finished Spring Data repository scanning in 23 ms. Found 0 JDBC repository interfaces.
2024-01-08 15:15:04.169  INFO 23576 --- [restartedMain] .s.d.r.c.RepositoryConfigurationDelegate : Multiple Spring Data modules found, entering strict repository configuration mode
2024-01-08 15:15:04.170  INFO 23576 --- [restartedMain] .s.d.r.c.RepositoryConfigurationDelegate : Bootstrapping Spring Data JPA repositories in DEFAULT mode.
2024-01-08 15:15:04.188  INFO 23576 --- [restartedMain] .s.d.r.c.RepositoryConfigurationDelegate : Finished Spring Data repository scanning in 8 ms. Found 0 JPA repository interfaces.
2024-01-08 15:15:05.331  INFO 23576 --- [restartedMain] o.s.b.w.embedded.tomcat.TomcatWebServer  : Tomcat initialized with port(s): 8080 (http)
2024-01-08 15:15:05.343  INFO 23576 --- [restartedMain] o.apache.catalina.core.StandardService   : Starting service [Tomcat]
2024-01-08 15:15:05.344  INFO 23576 --- [restartedMain] org.apache.catalina.core.StandardEngine  : Starting Servlet engine: [Apache Tomcat/9.0.68]
2024-01-08 15:15:05.736  INFO 23576 --- [restartedMain] org.apache.jasper.servlet.TldScanner     : At least one JAR was scanned for TLDs yet contained no TLDs. Enable debug logging for this logger for a complete list of JARs that were scanned but no TLDs were found in them. Skipping unneeded JARs during scanning can improve startup time and JSP compilation time.
2024-01-08 15:15:05.745  INFO 23576 --- [restartedMain] o.a.c.c.C.[Tomcat].[localhost].[/]       : Initializing Spring embedded WebApplicationContext
2024-01-08 15:15:05.746  INFO 23576 --- [restartedMain] w.s.c.ServletWebServerApplicationContext : Root WebApplicationContext: initialization completed in 3192 ms
2024-01-08 15:15:06.448  INFO 23576 --- [restartedMain] o.f.c.internal.license.VersionPrinter    : Flyway Community Edition 8.0.1 by Redgate
2024-01-08 15:15:06.449  INFO 23576 --- [restartedMain] o.f.c.i.database.base.BaseDatabaseType   : Database: jdbc:sqlserver://localhost:1433;connectRetryInterval=10;connectRetryCount=1;maxResultBuffer=-1;sendTemporalDataTypesAsStringForBulkCopy=true;delayLoadingLobs=true;useFmtOnly=false;useBulkCopyForBatchInsert=false;cancelQueryTimeout=-1;sslProtocol=TLS;jaasConfigurationName=SQLJDBCDriver;statementPoolingCacheSize=0;serverPreparedStatementDiscardThreshold=10;enablePrepareOnFirstPreparedStatementCall=false;fips=false;socketTimeout=0;authentication=NotSpecified;authenticationScheme=nativeAuthentication;xopenStates=false;sendTimeAsDatetime=true;replication=false;trustStoreType=JKS;trustServerCertificate=true;TransparentNetworkIPResolution=true;serverNameAsACE=false;sendStringParametersAsUnicode=true;selectMethod=direct;responseBuffering=adaptive;queryTimeout=-1;packetSize=8000;multiSubnetFailover=false;loginTimeout=15;lockTimeout=-1;lastUpdateCount=true;encrypt=true;disableStatementPooling=true;databaseName=flywaydemo;columnEncryptionSetting=Disabled;applicationName=Microsoft JDBC Driver for SQL Server;applicationIntent=readwrite; (Microsoft SQL Server 15.0)
2024-01-08 15:15:06.580  INFO 23576 --- [restartedMain] o.f.core.internal.command.DbValidate     : Successfully validated 2 migrations (execution time 00:00.082s)
2024-01-08 15:15:06.631  INFO 23576 --- [restartedMain] o.f.core.internal.command.DbMigrate      : Current version of schema [dbo]: 2
2024-01-08 15:15:06.638  INFO 23576 --- [restartedMain] o.f.core.internal.command.DbMigrate      : Schema [dbo] is up to date. No migration necessary.
2024-01-08 15:15:06.832  INFO 23576 --- [restartedMain] o.hibernate.jpa.internal.util.LogHelper  : HHH000204: Processing PersistenceUnitInfo [name: default]
2024-01-08 15:15:06.956  INFO 23576 --- [restartedMain] org.hibernate.Version                    : HHH000412: Hibernate ORM core version 5.6.12.Final
2024-01-08 15:15:07.259  INFO 23576 --- [restartedMain] o.hibernate.annotations.common.Version   : HCANN000001: Hibernate Commons Annotations {5.1.2.Final}
2024-01-08 15:15:07.393  INFO 23576 --- [restartedMain] com.zaxxer.hikari.HikariDataSource       : HikariPool-1 - Starting...
2024-01-08 15:15:07.447  INFO 23576 --- [restartedMain] com.zaxxer.hikari.HikariDataSource       : HikariPool-1 - Start completed.
2024-01-08 15:15:07.486  INFO 23576 --- [restartedMain] org.hibernate.dialect.Dialect            : HHH000400: Using dialect: org.hibernate.dialect.SQLServer2016Dialect
2024-01-08 15:15:07.825  INFO 23576 --- [restartedMain] o.h.e.t.j.p.i.JtaPlatformInitiator       : HHH000490: Using JtaPlatform implementation: [org.hibernate.engine.transaction.jta.platform.internal.NoJtaPlatform]
2024-01-08 15:15:07.839  INFO 23576 --- [restartedMain] j.LocalContainerEntityManagerFactoryBean : Initialized JPA EntityManagerFactory for persistence unit 'default'
2024-01-08 15:15:08.115  WARN 23576 --- [restartedMain] JpaBaseConfiguration$JpaWebConfiguration : spring.jpa.open-in-view is enabled by default. Therefore, database queries may be performed during view rendering. Explicitly configure spring.jpa.open-in-view to disable this warning
2024-01-08 15:15:08.397  INFO 23576 --- [restartedMain] o.s.s.web.DefaultSecurityFilterChain     : Will secure any request with [org.springframework.security.web.session.DisableEncodeUrlFilter@790fa9f, org.springframework.security.web.context.request.async.WebAsyncManagerIntegrationFilter@632ce8bd, org.springframework.security.web.context.SecurityContextPersistenceFilter@6d36c6d6, org.springframework.security.web.header.HeaderWriterFilter@69476a13, org.springframework.security.web.authentication.logout.LogoutFilter@789df684, org.springframework.security.web.authentication.UsernamePasswordAuthenticationFilter@172d7b2c, org.springframework.security.web.savedrequest.RequestCacheAwareFilter@63fe5513, org.springframework.security.web.servletapi.SecurityContextHolderAwareRequestFilter@5d33aca1, org.springframework.security.web.authentication.AnonymousAuthenticationFilter@7a50c7dc, org.springframework.security.web.session.SessionManagementFilter@5f64fd53, org.springframework.security.web.access.ExceptionTranslationFilter@3997d287, org.springframework.security.web.access.intercept.FilterSecurityInterceptor@39adb18f]
2024-01-08 15:15:09.777  WARN 23576 --- [restartedMain] o.s.data.convert.CustomConversions       : Registering converter from class microsoft.sql.DateTimeOffset to class java.time.OffsetDateTime as reading converter although it doesn't convert from a store-supported type; You might want to check your annotation setup at the converter implementation
2024-01-08 15:15:09.880  INFO 23576 --- [restartedMain] o.s.b.d.a.OptionalLiveReloadServer       : LiveReload server is running on port 35729
2024-01-08 15:15:09.888  INFO 23576 --- [restartedMain] o.s.b.a.e.web.EndpointLinksResolver      : Exposing 15 endpoint(s) beneath base path '/actuator'
2024-01-08 15:15:09.966  INFO 23576 --- [restartedMain] o.s.b.w.embedded.tomcat.TomcatWebServer  : Tomcat started on port(s): 8080 (http) with context path ''
2024-01-08 15:15:09.990  INFO 23576 --- [restartedMain] c.V.V.VendingMachine01Application        : Started VendingMachine01Application in 8.045 seconds (JVM running for 8.726)
2024-01-08 15:15:21.094  INFO 23576 --- [http-nio-8080-exec-1] o.a.c.c.C.[Tomcat].[localhost].[/]       : Initializing Spring DispatcherServlet 'dispatcherServlet'
2024-01-08 15:15:31.549  INFO 23576 --- [http-nio-8080-exec-3] c.V.V.controller.ProductController       : quantity for the purchase == [0, 1, 1, 0, 0, 0] 
2024-01-08 15:15:31.550  INFO 23576 --- [http-nio-8080-exec-3] c.V.V.controller.ProductController       : quantity size for the purchase == 6 
2024-01-08 15:27:29.724  INFO 23576 --- [SpringApplicationShutdownHook] j.LocalContainerEntityManagerFactoryBean : Closing JPA EntityManagerFactory for persistence unit 'default'
2024-01-08 15:27:29.731  INFO 23576 --- [SpringApplicationShutdownHook] com.zaxxer.hikari.HikariDataSource       : HikariPool-1 - Shutdown initiated...
2024-01-08 15:27:29.736  INFO 23576 --- [SpringApplicationShutdownHook] com.zaxxer.hikari.HikariDataSource       : HikariPool-1 - Shutdown completed.
2024-01-08 15:27:36.391  INFO 39836 --- [restartedMain] c.V.V.VendingMachine01Application        : Starting VendingMachine01Application using Java 17.0.9 on CHE-HKUMAR-LT with PID 39836 (C:\Users\Hemanth.kumar\IdeaProjects\Vending-machine-master shared\02-01-24 4.32pm afterchanging purchase history table\Vending-machine-master\target\classes started by Hemanth.Kumar in C:\Users\Hemanth.kumar\IdeaProjects\Vending-machine-master shared\02-01-24 4.32pm afterchanging purchase history table\Vending-machine-master)
2024-01-08 15:27:36.393  INFO 39836 --- [restartedMain] c.V.V.VendingMachine01Application        : No active profile set, falling back to 1 default profile: "default"
2024-01-08 15:27:36.442  INFO 39836 --- [restartedMain] .e.DevToolsPropertyDefaultsPostProcessor : Devtools property defaults active! Set 'spring.devtools.add-properties' to 'false' to disable
2024-01-08 15:27:36.442  INFO 39836 --- [restartedMain] .e.DevToolsPropertyDefaultsPostProcessor : For additional web related logging consider setting the 'logging.level.web' property to 'DEBUG'
2024-01-08 15:27:37.848  INFO 39836 --- [restartedMain] .s.d.r.c.RepositoryConfigurationDelegate : Multiple Spring Data modules found, entering strict repository configuration mode
2024-01-08 15:27:37.851  INFO 39836 --- [restartedMain] .s.d.r.c.RepositoryConfigurationDelegate : Bootstrapping Spring Data JDBC repositories in DEFAULT mode.
2024-01-08 15:27:37.877  INFO 39836 --- [restartedMain] .s.d.r.c.RepositoryConfigurationDelegate : Finished Spring Data repository scanning in 19 ms. Found 0 JDBC repository interfaces.
2024-01-08 15:27:37.886  INFO 39836 --- [restartedMain] .s.d.r.c.RepositoryConfigurationDelegate : Multiple Spring Data modules found, entering strict repository configuration mode
2024-01-08 15:27:37.888  INFO 39836 --- [restartedMain] .s.d.r.c.RepositoryConfigurationDelegate : Bootstrapping Spring Data JPA repositories in DEFAULT mode.
2024-01-08 15:27:37.909  INFO 39836 --- [restartedMain] .s.d.r.c.RepositoryConfigurationDelegate : Finished Spring Data repository scanning in 10 ms. Found 0 JPA repository interfaces.
2024-01-08 15:27:38.968  INFO 39836 --- [restartedMain] o.s.b.w.embedded.tomcat.TomcatWebServer  : Tomcat initialized with port(s): 8080 (http)
2024-01-08 15:27:38.983  INFO 39836 --- [restartedMain] o.apache.catalina.core.StandardService   : Starting service [Tomcat]
2024-01-08 15:27:38.984  INFO 39836 --- [restartedMain] org.apache.catalina.core.StandardEngine  : Starting Servlet engine: [Apache Tomcat/9.0.68]
2024-01-08 15:27:39.364  INFO 39836 --- [restartedMain] org.apache.jasper.servlet.TldScanner     : At least one JAR was scanned for TLDs yet contained no TLDs. Enable debug logging for this logger for a complete list of JARs that were scanned but no TLDs were found in them. Skipping unneeded JARs during scanning can improve startup time and JSP compilation time.
2024-01-08 15:27:39.372  INFO 39836 --- [restartedMain] o.a.c.c.C.[Tomcat].[localhost].[/]       : Initializing Spring embedded WebApplicationContext
2024-01-08 15:27:39.372  INFO 39836 --- [restartedMain] w.s.c.ServletWebServerApplicationContext : Root WebApplicationContext: initialization completed in 2929 ms
2024-01-08 15:27:40.110  INFO 39836 --- [restartedMain] o.f.c.internal.license.VersionPrinter    : Flyway Community Edition 8.0.1 by Redgate
2024-01-08 15:27:40.110  INFO 39836 --- [restartedMain] o.f.c.i.database.base.BaseDatabaseType   : Database: jdbc:sqlserver://localhost:1433;connectRetryInterval=10;connectRetryCount=1;maxResultBuffer=-1;sendTemporalDataTypesAsStringForBulkCopy=true;delayLoadingLobs=true;useFmtOnly=false;useBulkCopyForBatchInsert=false;cancelQueryTimeout=-1;sslProtocol=TLS;jaasConfigurationName=SQLJDBCDriver;statementPoolingCacheSize=0;serverPreparedStatementDiscardThreshold=10;enablePrepareOnFirstPreparedStatementCall=false;fips=false;socketTimeout=0;authentication=NotSpecified;authenticationScheme=nativeAuthentication;xopenStates=false;sendTimeAsDatetime=true;replication=false;trustStoreType=JKS;trustServerCertificate=true;TransparentNetworkIPResolution=true;serverNameAsACE=false;sendStringParametersAsUnicode=true;selectMethod=direct;responseBuffering=adaptive;queryTimeout=-1;packetSize=8000;multiSubnetFailover=false;loginTimeout=15;lockTimeout=-1;lastUpdateCount=true;encrypt=true;disableStatementPooling=true;databaseName=flywaydemo;columnEncryptionSetting=Disabled;applicationName=Microsoft JDBC Driver for SQL Server;applicationIntent=readwrite; (Microsoft SQL Server 15.0)
2024-01-08 15:27:40.198  INFO 39836 --- [restartedMain] o.f.core.internal.command.DbValidate     : Successfully validated 2 migrations (execution time 00:00.052s)
2024-01-08 15:27:40.265  INFO 39836 --- [restartedMain] o.f.c.i.s.JdbcTableSchemaHistory         : Creating Schema History table [flywaydemo].[dbo].[flyway_schema_history] ...
2024-01-08 15:27:40.308  INFO 39836 --- [restartedMain] o.f.core.internal.command.DbMigrate      : Current version of schema [dbo]: << Empty Schema >>
2024-01-08 15:27:40.320  INFO 39836 --- [restartedMain] o.f.core.internal.command.DbMigrate      : Migrating schema [dbo] to version "1 - create database"
2024-01-08 15:27:40.372  INFO 39836 --- [restartedMain] o.f.core.internal.command.DbMigrate      : Migrating schema [dbo] to version "2 - insert data"
2024-01-08 15:27:40.400  INFO 39836 --- [restartedMain] o.f.core.internal.command.DbMigrate      : Successfully applied 2 migrations to schema [dbo], now at version v2 (execution time 00:00.102s)
2024-01-08 15:27:40.529  INFO 39836 --- [restartedMain] o.hibernate.jpa.internal.util.LogHelper  : HHH000204: Processing PersistenceUnitInfo [name: default]
2024-01-08 15:27:40.630  INFO 39836 --- [restartedMain] org.hibernate.Version                    : HHH000412: Hibernate ORM core version 5.6.12.Final
2024-01-08 15:27:40.842  INFO 39836 --- [restartedMain] o.hibernate.annotations.common.Version   : HCANN000001: Hibernate Commons Annotations {5.1.2.Final}
2024-01-08 15:27:40.966  INFO 39836 --- [restartedMain] com.zaxxer.hikari.HikariDataSource       : HikariPool-1 - Starting...
2024-01-08 15:27:41.019  INFO 39836 --- [restartedMain] com.zaxxer.hikari.HikariDataSource       : HikariPool-1 - Start completed.
2024-01-08 15:27:41.054  INFO 39836 --- [restartedMain] org.hibernate.dialect.Dialect            : HHH000400: Using dialect: org.hibernate.dialect.SQLServer2016Dialect
2024-01-08 15:27:41.341  INFO 39836 --- [restartedMain] o.h.e.t.j.p.i.JtaPlatformInitiator       : HHH000490: Using JtaPlatform implementation: [org.hibernate.engine.transaction.jta.platform.internal.NoJtaPlatform]
2024-01-08 15:27:41.351  INFO 39836 --- [restartedMain] j.LocalContainerEntityManagerFactoryBean : Initialized JPA EntityManagerFactory for persistence unit 'default'
2024-01-08 15:27:41.614  WARN 39836 --- [restartedMain] JpaBaseConfiguration$JpaWebConfiguration : spring.jpa.open-in-view is enabled by default. Therefore, database queries may be performed during view rendering. Explicitly configure spring.jpa.open-in-view to disable this warning
2024-01-08 15:27:41.801  INFO 39836 --- [restartedMain] o.s.s.web.DefaultSecurityFilterChain     : Will secure any request with [org.springframework.security.web.session.DisableEncodeUrlFilter@15ff2f5b, org.springframework.security.web.context.request.async.WebAsyncManagerIntegrationFilter@77c1abb5, org.springframework.security.web.context.SecurityContextPersistenceFilter@7570b3fe, org.springframework.security.web.header.HeaderWriterFilter@4f8c72f, org.springframework.security.web.authentication.logout.LogoutFilter@4b588897, org.springframework.security.web.authentication.UsernamePasswordAuthenticationFilter@a44c470, org.springframework.security.web.savedrequest.RequestCacheAwareFilter@7ae557b0, org.springframework.security.web.servletapi.SecurityContextHolderAwareRequestFilter@9a3abbf, org.springframework.security.web.authentication.AnonymousAuthenticationFilter@1f7ea307, org.springframework.security.web.session.SessionManagementFilter@b99abc4, org.springframework.security.web.access.ExceptionTranslationFilter@7433d6f3, org.springframework.security.web.access.intercept.FilterSecurityInterceptor@1c64bb39]
2024-01-08 15:27:43.198  WARN 39836 --- [restartedMain] o.s.data.convert.CustomConversions       : Registering converter from class microsoft.sql.DateTimeOffset to class java.time.OffsetDateTime as reading converter although it doesn't convert from a store-supported type; You might want to check your annotation setup at the converter implementation
2024-01-08 15:27:43.311  INFO 39836 --- [restartedMain] o.s.b.d.a.OptionalLiveReloadServer       : LiveReload server is running on port 35729
2024-01-08 15:27:43.319  INFO 39836 --- [restartedMain] o.s.b.a.e.web.EndpointLinksResolver      : Exposing 15 endpoint(s) beneath base path '/actuator'
2024-01-08 15:27:43.407  INFO 39836 --- [restartedMain] o.s.b.w.embedded.tomcat.TomcatWebServer  : Tomcat started on port(s): 8080 (http) with context path ''
2024-01-08 15:27:43.434  INFO 39836 --- [restartedMain] c.V.V.VendingMachine01Application        : Started VendingMachine01Application in 7.5 seconds (JVM running for 8.193)
2024-01-08 15:27:54.977  INFO 39836 --- [http-nio-8080-exec-1] o.a.c.c.C.[Tomcat].[localhost].[/]       : Initializing Spring DispatcherServlet 'dispatcherServlet'
2024-01-08 15:28:05.441  INFO 39836 --- [http-nio-8080-exec-3] c.V.V.controller.ProductController       : quantity for the purchase == [1, 1, 0, 0, 0, 0] 
2024-01-08 15:28:05.441  INFO 39836 --- [http-nio-8080-exec-3] c.V.V.controller.ProductController       : quantity size for the purchase == 6 
2024-01-08 15:28:09.763  INFO 39836 --- [http-nio-8080-exec-4] c.V.V.service.InventoryService           : product id in purchase product == 75 
2024-01-08 15:28:09.776  INFO 39836 --- [http-nio-8080-exec-4] c.V.V.service.InventoryService           : inSIDE multiplePurchaseProduct METHOD
2024-01-08 15:28:09.778  INFO 39836 --- [http-nio-8080-exec-4] c.V.V.service.InventoryService           : inSIDE multiplePurchaseProduct METHOD CHANGE VALUE IS ====  25
2024-01-08 15:28:09.824  INFO 39836 --- [http-nio-8080-exec-4] c.V.V.service.InventoryService           : Change amount for the purchase == 25 
2024-01-08 15:28:09.831  INFO 39836 --- [http-nio-8080-exec-4] c.V.V.service.InventoryService           : New balance in the vending machine == 2225
2024-01-08 15:28:09.864  INFO 39836 --- [http-nio-8080-exec-4] c.V.V.service.InventoryService           : Change Denominations:
2024-01-08 15:28:09.864  INFO 39836 --- [http-nio-8080-exec-4] c.V.V.service.InventoryService           : 20 Rupees: 1 notes/coins
2024-01-08 15:28:09.878  INFO 39836 --- [http-nio-8080-exec-4] c.V.V.service.InventoryService           : 5 Rupees: 1 notes/coins
2024-01-08 15:28:09.981  INFO 39836 --- [http-nio-8080-exec-4] c.V.V.service.InventoryService           : in addUpdateDenominationCounts METHOD
2024-01-08 15:28:09.995  INFO 39836 --- [http-nio-8080-exec-4] c.V.V.service.InventoryService           : in addUpdateDenominationCounts METHOD
2024-01-08 15:28:09.999  INFO 39836 --- [http-nio-8080-exec-4] c.V.V.service.InventoryService           : in addUpdateDenominationCounts METHOD
2024-01-08 15:28:10.014  INFO 39836 --- [http-nio-8080-exec-4] c.V.V.service.InventoryService           : in addUpdateDenominationCounts METHOD
2024-01-08 15:28:10.019  INFO 39836 --- [http-nio-8080-exec-4] c.V.V.service.InventoryService           : in addUpdateDenominationCounts METHOD
2024-01-08 15:28:10.031  INFO 39836 --- [http-nio-8080-exec-4] c.V.V.service.InventoryService           : in addUpdateDenominationCounts METHOD
2024-01-08 15:36:35.835  INFO 39836 --- [SpringApplicationShutdownHook] j.LocalContainerEntityManagerFactoryBean : Closing JPA EntityManagerFactory for persistence unit 'default'
2024-01-08 15:36:35.843  INFO 39836 --- [SpringApplicationShutdownHook] com.zaxxer.hikari.HikariDataSource       : HikariPool-1 - Shutdown initiated...
2024-01-08 15:36:35.850  INFO 39836 --- [SpringApplicationShutdownHook] com.zaxxer.hikari.HikariDataSource       : HikariPool-1 - Shutdown completed.
2024-01-08 15:36:42.037  INFO 22416 --- [restartedMain] c.V.V.VendingMachine01Application        : Starting VendingMachine01Application using Java 17.0.9 on CHE-HKUMAR-LT with PID 22416 (C:\Users\Hemanth.kumar\IdeaProjects\Vending-machine-master shared\02-01-24 4.32pm afterchanging purchase history table\Vending-machine-master\target\classes started by Hemanth.Kumar in C:\Users\Hemanth.kumar\IdeaProjects\Vending-machine-master shared\02-01-24 4.32pm afterchanging purchase history table\Vending-machine-master)
2024-01-08 15:36:42.039  INFO 22416 --- [restartedMain] c.V.V.VendingMachine01Application        : No active profile set, falling back to 1 default profile: "default"
2024-01-08 15:36:42.094  INFO 22416 --- [restartedMain] .e.DevToolsPropertyDefaultsPostProcessor : Devtools property defaults active! Set 'spring.devtools.add-properties' to 'false' to disable
2024-01-08 15:36:42.094  INFO 22416 --- [restartedMain] .e.DevToolsPropertyDefaultsPostProcessor : For additional web related logging consider setting the 'logging.level.web' property to 'DEBUG'
2024-01-08 15:36:43.545  INFO 22416 --- [restartedMain] .s.d.r.c.RepositoryConfigurationDelegate : Multiple Spring Data modules found, entering strict repository configuration mode
2024-01-08 15:36:43.547  INFO 22416 --- [restartedMain] .s.d.r.c.RepositoryConfigurationDelegate : Bootstrapping Spring Data JDBC repositories in DEFAULT mode.
2024-01-08 15:36:43.571  INFO 22416 --- [restartedMain] .s.d.r.c.RepositoryConfigurationDelegate : Finished Spring Data repository scanning in 17 ms. Found 0 JDBC repository interfaces.
2024-01-08 15:36:43.581  INFO 22416 --- [restartedMain] .s.d.r.c.RepositoryConfigurationDelegate : Multiple Spring Data modules found, entering strict repository configuration mode
2024-01-08 15:36:43.583  INFO 22416 --- [restartedMain] .s.d.r.c.RepositoryConfigurationDelegate : Bootstrapping Spring Data JPA repositories in DEFAULT mode.
2024-01-08 15:36:43.599  INFO 22416 --- [restartedMain] .s.d.r.c.RepositoryConfigurationDelegate : Finished Spring Data repository scanning in 10 ms. Found 0 JPA repository interfaces.
2024-01-08 15:36:44.778  INFO 22416 --- [restartedMain] o.s.b.w.embedded.tomcat.TomcatWebServer  : Tomcat initialized with port(s): 8080 (http)
2024-01-08 15:36:44.794  INFO 22416 --- [restartedMain] o.apache.catalina.core.StandardService   : Starting service [Tomcat]
2024-01-08 15:36:44.795  INFO 22416 --- [restartedMain] org.apache.catalina.core.StandardEngine  : Starting Servlet engine: [Apache Tomcat/9.0.68]
2024-01-08 15:36:45.165  INFO 22416 --- [restartedMain] org.apache.jasper.servlet.TldScanner     : At least one JAR was scanned for TLDs yet contained no TLDs. Enable debug logging for this logger for a complete list of JARs that were scanned but no TLDs were found in them. Skipping unneeded JARs during scanning can improve startup time and JSP compilation time.
2024-01-08 15:36:45.174  INFO 22416 --- [restartedMain] o.a.c.c.C.[Tomcat].[localhost].[/]       : Initializing Spring embedded WebApplicationContext
2024-01-08 15:36:45.174  INFO 22416 --- [restartedMain] w.s.c.ServletWebServerApplicationContext : Root WebApplicationContext: initialization completed in 3079 ms
2024-01-08 15:36:45.907  INFO 22416 --- [restartedMain] o.f.c.internal.license.VersionPrinter    : Flyway Community Edition 8.0.1 by Redgate
2024-01-08 15:36:45.908  INFO 22416 --- [restartedMain] o.f.c.i.database.base.BaseDatabaseType   : Database: jdbc:sqlserver://localhost:1433;connectRetryInterval=10;connectRetryCount=1;maxResultBuffer=-1;sendTemporalDataTypesAsStringForBulkCopy=true;delayLoadingLobs=true;useFmtOnly=false;useBulkCopyForBatchInsert=false;cancelQueryTimeout=-1;sslProtocol=TLS;jaasConfigurationName=SQLJDBCDriver;statementPoolingCacheSize=0;serverPreparedStatementDiscardThreshold=10;enablePrepareOnFirstPreparedStatementCall=false;fips=false;socketTimeout=0;authentication=NotSpecified;authenticationScheme=nativeAuthentication;xopenStates=false;sendTimeAsDatetime=true;replication=false;trustStoreType=JKS;trustServerCertificate=true;TransparentNetworkIPResolution=true;serverNameAsACE=false;sendStringParametersAsUnicode=true;selectMethod=direct;responseBuffering=adaptive;queryTimeout=-1;packetSize=8000;multiSubnetFailover=false;loginTimeout=15;lockTimeout=-1;lastUpdateCount=true;encrypt=true;disableStatementPooling=true;databaseName=flywaydemo;columnEncryptionSetting=Disabled;applicationName=Microsoft JDBC Driver for SQL Server;applicationIntent=readwrite; (Microsoft SQL Server 15.0)
2024-01-08 15:36:46.027  INFO 22416 --- [restartedMain] o.f.core.internal.command.DbValidate     : Successfully validated 2 migrations (execution time 00:00.080s)
2024-01-08 15:36:46.048  INFO 22416 --- [restartedMain] o.f.core.internal.command.DbMigrate      : Current version of schema [dbo]: 2
2024-01-08 15:36:46.052  INFO 22416 --- [restartedMain] o.f.core.internal.command.DbMigrate      : Schema [dbo] is up to date. No migration necessary.
2024-01-08 15:36:46.221  INFO 22416 --- [restartedMain] o.hibernate.jpa.internal.util.LogHelper  : HHH000204: Processing PersistenceUnitInfo [name: default]
2024-01-08 15:36:46.293  INFO 22416 --- [restartedMain] org.hibernate.Version                    : HHH000412: Hibernate ORM core version 5.6.12.Final
2024-01-08 15:36:46.576  INFO 22416 --- [restartedMain] o.hibernate.annotations.common.Version   : HCANN000001: Hibernate Commons Annotations {5.1.2.Final}
2024-01-08 15:36:46.725  INFO 22416 --- [restartedMain] com.zaxxer.hikari.HikariDataSource       : HikariPool-1 - Starting...
2024-01-08 15:36:46.787  INFO 22416 --- [restartedMain] com.zaxxer.hikari.HikariDataSource       : HikariPool-1 - Start completed.
2024-01-08 15:36:46.823  INFO 22416 --- [restartedMain] org.hibernate.dialect.Dialect            : HHH000400: Using dialect: org.hibernate.dialect.SQLServer2016Dialect
2024-01-08 15:36:47.126  INFO 22416 --- [restartedMain] o.h.e.t.j.p.i.JtaPlatformInitiator       : HHH000490: Using JtaPlatform implementation: [org.hibernate.engine.transaction.jta.platform.internal.NoJtaPlatform]
2024-01-08 15:36:47.136  INFO 22416 --- [restartedMain] j.LocalContainerEntityManagerFactoryBean : Initialized JPA EntityManagerFactory for persistence unit 'default'
2024-01-08 15:36:47.399  WARN 22416 --- [restartedMain] JpaBaseConfiguration$JpaWebConfiguration : spring.jpa.open-in-view is enabled by default. Therefore, database queries may be performed during view rendering. Explicitly configure spring.jpa.open-in-view to disable this warning
2024-01-08 15:36:47.576  INFO 22416 --- [restartedMain] o.s.s.web.DefaultSecurityFilterChain     : Will secure any request with [org.springframework.security.web.session.DisableEncodeUrlFilter@d6d182, org.springframework.security.web.context.request.async.WebAsyncManagerIntegrationFilter@4b7e6752, org.springframework.security.web.context.SecurityContextPersistenceFilter@4dcbb901, org.springframework.security.web.header.HeaderWriterFilter@4518af81, org.springframework.security.web.authentication.logout.LogoutFilter@39a455a6, org.springframework.security.web.authentication.UsernamePasswordAuthenticationFilter@5c6e9d14, org.springframework.security.web.savedrequest.RequestCacheAwareFilter@4d20082e, org.springframework.security.web.servletapi.SecurityContextHolderAwareRequestFilter@4c3d23a, org.springframework.security.web.authentication.AnonymousAuthenticationFilter@35900755, org.springframework.security.web.session.SessionManagementFilter@68f5b555, org.springframework.security.web.access.ExceptionTranslationFilter@49e606ba, org.springframework.security.web.access.intercept.FilterSecurityInterceptor@2a288305]
2024-01-08 15:36:48.964  WARN 22416 --- [restartedMain] o.s.data.convert.CustomConversions       : Registering converter from class microsoft.sql.DateTimeOffset to class java.time.OffsetDateTime as reading converter although it doesn't convert from a store-supported type; You might want to check your annotation setup at the converter implementation
2024-01-08 15:36:49.093  INFO 22416 --- [restartedMain] o.s.b.d.a.OptionalLiveReloadServer       : LiveReload server is running on port 35729
2024-01-08 15:36:49.101  INFO 22416 --- [restartedMain] o.s.b.a.e.web.EndpointLinksResolver      : Exposing 15 endpoint(s) beneath base path '/actuator'
2024-01-08 15:36:49.196  INFO 22416 --- [restartedMain] o.s.b.w.embedded.tomcat.TomcatWebServer  : Tomcat started on port(s): 8080 (http) with context path ''
2024-01-08 15:36:49.222  INFO 22416 --- [restartedMain] c.V.V.VendingMachine01Application        : Started VendingMachine01Application in 7.694 seconds (JVM running for 8.369)
2024-01-08 15:37:04.420  INFO 22416 --- [http-nio-8080-exec-1] o.a.c.c.C.[Tomcat].[localhost].[/]       : Initializing Spring DispatcherServlet 'dispatcherServlet'
2024-01-08 15:37:14.038  INFO 22416 --- [http-nio-8080-exec-3] c.V.V.controller.ProductController       : quantity for the purchase == [0, 1, 1, 0, 0, 0] 
2024-01-08 15:37:14.038  INFO 22416 --- [http-nio-8080-exec-3] c.V.V.controller.ProductController       : quantity size for the purchase == 6 
2024-01-08 15:37:26.571  INFO 22416 --- [http-nio-8080-exec-4] c.V.V.controller.ProductController       : denominationMap======================================================{TWENTY_RUPEE=1, TEN_RUPEE=0, ONE_RUPEE=0, FIVE_RUPEE=0, TWO_RUPEE=0, FIFTY_RUPEE=1}
2024-01-08 15:37:26.587  INFO 22416 --- [http-nio-8080-exec-4] c.V.V.service.InventoryService           : product id in purchase product == 60 
2024-01-08 15:37:26.587  INFO 22416 --- [http-nio-8080-exec-4] c.V.V.service.InventoryService           : inSIDE multiplePurchaseProduct METHOD
2024-01-08 15:37:26.588  INFO 22416 --- [http-nio-8080-exec-4] c.V.V.service.InventoryService           : inSIDE multiplePurchaseProduct METHOD CHANGE VALUE IS ====  10
2024-01-08 15:37:26.636  INFO 22416 --- [http-nio-8080-exec-4] c.V.V.service.InventoryService           : Change amount for the purchase == 10 
2024-01-08 15:37:26.644  INFO 22416 --- [http-nio-8080-exec-4] c.V.V.service.InventoryService           : New balance in the vending machine == 2315
2024-01-08 15:37:26.681  INFO 22416 --- [http-nio-8080-exec-4] c.V.V.service.InventoryService           : Change Denominations:
2024-01-08 15:37:26.681  INFO 22416 --- [http-nio-8080-exec-4] c.V.V.service.InventoryService           : 10 Rupees: 1 notes/coins
2024-01-08 15:37:26.799  INFO 22416 --- [http-nio-8080-exec-4] c.V.V.service.InventoryService           : in addUpdateDenominationCounts METHOD
2024-01-08 15:37:26.806  INFO 22416 --- [http-nio-8080-exec-4] c.V.V.service.InventoryService           : in addUpdateDenominationCounts METHOD
2024-01-08 15:37:26.820  INFO 22416 --- [http-nio-8080-exec-4] c.V.V.service.InventoryService           : in addUpdateDenominationCounts METHOD
2024-01-08 15:37:26.824  INFO 22416 --- [http-nio-8080-exec-4] c.V.V.service.InventoryService           : in addUpdateDenominationCounts METHOD
2024-01-08 15:37:26.837  INFO 22416 --- [http-nio-8080-exec-4] c.V.V.service.InventoryService           : in addUpdateDenominationCounts METHOD
2024-01-08 15:37:26.838  INFO 22416 --- [http-nio-8080-exec-4] c.V.V.service.InventoryService           : in addUpdateDenominationCounts METHOD
2024-01-08 16:10:00.321  INFO 22416 --- [SpringApplicationShutdownHook] j.LocalContainerEntityManagerFactoryBean : Closing JPA EntityManagerFactory for persistence unit 'default'
2024-01-08 16:10:00.331  INFO 22416 --- [SpringApplicationShutdownHook] com.zaxxer.hikari.HikariDataSource       : HikariPool-1 - Shutdown initiated...
2024-01-08 16:10:00.341  INFO 22416 --- [SpringApplicationShutdownHook] com.zaxxer.hikari.HikariDataSource       : HikariPool-1 - Shutdown completed.
2024-01-08 16:18:43.050  INFO 29320 --- [restartedMain] c.V.V.VendingMachine01Application        : Starting VendingMachine01Application using Java 17.0.9 on CHE-HKUMAR-LT with PID 29320 (C:\Users\Hemanth.kumar\IdeaProjects\Vending-machine-master shared\02-01-24 4.32pm afterchanging purchase history table\Vending-machine-master\target\classes started by Hemanth.Kumar in C:\Users\Hemanth.kumar\IdeaProjects\Vending-machine-master shared\02-01-24 4.32pm afterchanging purchase history table\Vending-machine-master)
2024-01-08 16:18:43.052  INFO 29320 --- [restartedMain] c.V.V.VendingMachine01Application        : No active profile set, falling back to 1 default profile: "default"
2024-01-08 16:18:43.095  INFO 29320 --- [restartedMain] .e.DevToolsPropertyDefaultsPostProcessor : Devtools property defaults active! Set 'spring.devtools.add-properties' to 'false' to disable
2024-01-08 16:18:43.096  INFO 29320 --- [restartedMain] .e.DevToolsPropertyDefaultsPostProcessor : For additional web related logging consider setting the 'logging.level.web' property to 'DEBUG'
2024-01-08 16:18:44.224  INFO 29320 --- [restartedMain] .s.d.r.c.RepositoryConfigurationDelegate : Multiple Spring Data modules found, entering strict repository configuration mode
2024-01-08 16:18:44.226  INFO 29320 --- [restartedMain] .s.d.r.c.RepositoryConfigurationDelegate : Bootstrapping Spring Data JDBC repositories in DEFAULT mode.
2024-01-08 16:18:44.244  INFO 29320 --- [restartedMain] .s.d.r.c.RepositoryConfigurationDelegate : Finished Spring Data repository scanning in 14 ms. Found 0 JDBC repository interfaces.
2024-01-08 16:18:44.252  INFO 29320 --- [restartedMain] .s.d.r.c.RepositoryConfigurationDelegate : Multiple Spring Data modules found, entering strict repository configuration mode
2024-01-08 16:18:44.253  INFO 29320 --- [restartedMain] .s.d.r.c.RepositoryConfigurationDelegate : Bootstrapping Spring Data JPA repositories in DEFAULT mode.
2024-01-08 16:18:44.267  INFO 29320 --- [restartedMain] .s.d.r.c.RepositoryConfigurationDelegate : Finished Spring Data repository scanning in 8 ms. Found 0 JPA repository interfaces.
2024-01-08 16:18:45.180  INFO 29320 --- [restartedMain] o.s.b.w.embedded.tomcat.TomcatWebServer  : Tomcat initialized with port(s): 8080 (http)
2024-01-08 16:18:45.192  INFO 29320 --- [restartedMain] o.apache.catalina.core.StandardService   : Starting service [Tomcat]
2024-01-08 16:18:45.193  INFO 29320 --- [restartedMain] org.apache.catalina.core.StandardEngine  : Starting Servlet engine: [Apache Tomcat/9.0.68]
2024-01-08 16:18:45.545  INFO 29320 --- [restartedMain] org.apache.jasper.servlet.TldScanner     : At least one JAR was scanned for TLDs yet contained no TLDs. Enable debug logging for this logger for a complete list of JARs that were scanned but no TLDs were found in them. Skipping unneeded JARs during scanning can improve startup time and JSP compilation time.
2024-01-08 16:18:45.554  INFO 29320 --- [restartedMain] o.a.c.c.C.[Tomcat].[localhost].[/]       : Initializing Spring embedded WebApplicationContext
2024-01-08 16:18:45.555  INFO 29320 --- [restartedMain] w.s.c.ServletWebServerApplicationContext : Root WebApplicationContext: initialization completed in 2459 ms
2024-01-08 16:18:46.168  INFO 29320 --- [restartedMain] o.f.c.internal.license.VersionPrinter    : Flyway Community Edition 8.0.1 by Redgate
2024-01-08 16:18:46.169  INFO 29320 --- [restartedMain] o.f.c.i.database.base.BaseDatabaseType   : Database: jdbc:sqlserver://localhost:1433;connectRetryInterval=10;connectRetryCount=1;maxResultBuffer=-1;sendTemporalDataTypesAsStringForBulkCopy=true;delayLoadingLobs=true;useFmtOnly=false;useBulkCopyForBatchInsert=false;cancelQueryTimeout=-1;sslProtocol=TLS;jaasConfigurationName=SQLJDBCDriver;statementPoolingCacheSize=0;serverPreparedStatementDiscardThreshold=10;enablePrepareOnFirstPreparedStatementCall=false;fips=false;socketTimeout=0;authentication=NotSpecified;authenticationScheme=nativeAuthentication;xopenStates=false;sendTimeAsDatetime=true;replication=false;trustStoreType=JKS;trustServerCertificate=true;TransparentNetworkIPResolution=true;serverNameAsACE=false;sendStringParametersAsUnicode=true;selectMethod=direct;responseBuffering=adaptive;queryTimeout=-1;packetSize=8000;multiSubnetFailover=false;loginTimeout=15;lockTimeout=-1;lastUpdateCount=true;encrypt=true;disableStatementPooling=true;databaseName=flywaydemo;columnEncryptionSetting=Disabled;applicationName=Microsoft JDBC Driver for SQL Server;applicationIntent=readwrite; (Microsoft SQL Server 15.0)
2024-01-08 16:18:46.247  INFO 29320 --- [restartedMain] o.f.core.internal.command.DbValidate     : Successfully validated 2 migrations (execution time 00:00.047s)
2024-01-08 16:18:46.263  INFO 29320 --- [restartedMain] o.f.core.internal.command.DbMigrate      : Current version of schema [dbo]: 2
2024-01-08 16:18:46.267  INFO 29320 --- [restartedMain] o.f.core.internal.command.DbMigrate      : Schema [dbo] is up to date. No migration necessary.
2024-01-08 16:18:46.434  INFO 29320 --- [restartedMain] o.hibernate.jpa.internal.util.LogHelper  : HHH000204: Processing PersistenceUnitInfo [name: default]
2024-01-08 16:18:46.502  INFO 29320 --- [restartedMain] org.hibernate.Version                    : HHH000412: Hibernate ORM core version 5.6.12.Final
2024-01-08 16:18:46.689  INFO 29320 --- [restartedMain] o.hibernate.annotations.common.Version   : HCANN000001: Hibernate Commons Annotations {5.1.2.Final}
2024-01-08 16:18:46.788  INFO 29320 --- [restartedMain] com.zaxxer.hikari.HikariDataSource       : HikariPool-1 - Starting...
2024-01-08 16:18:46.831  INFO 29320 --- [restartedMain] com.zaxxer.hikari.HikariDataSource       : HikariPool-1 - Start completed.
2024-01-08 16:18:46.860  INFO 29320 --- [restartedMain] org.hibernate.dialect.Dialect            : HHH000400: Using dialect: org.hibernate.dialect.SQLServer2016Dialect
2024-01-08 16:18:47.104  INFO 29320 --- [restartedMain] o.h.e.t.j.p.i.JtaPlatformInitiator       : HHH000490: Using JtaPlatform implementation: [org.hibernate.engine.transaction.jta.platform.internal.NoJtaPlatform]
2024-01-08 16:18:47.115  INFO 29320 --- [restartedMain] j.LocalContainerEntityManagerFactoryBean : Initialized JPA EntityManagerFactory for persistence unit 'default'
2024-01-08 16:18:47.298  WARN 29320 --- [restartedMain] JpaBaseConfiguration$JpaWebConfiguration : spring.jpa.open-in-view is enabled by default. Therefore, database queries may be performed during view rendering. Explicitly configure spring.jpa.open-in-view to disable this warning
2024-01-08 16:18:47.467  INFO 29320 --- [restartedMain] o.s.s.web.DefaultSecurityFilterChain     : Will secure any request with [org.springframework.security.web.session.DisableEncodeUrlFilter@7e4ab168, org.springframework.security.web.context.request.async.WebAsyncManagerIntegrationFilter@a9670a1, org.springframework.security.web.context.SecurityContextPersistenceFilter@3b46e76f, org.springframework.security.web.header.HeaderWriterFilter@4d7efccd, org.springframework.security.web.authentication.logout.LogoutFilter@44b579c5, org.springframework.security.web.authentication.UsernamePasswordAuthenticationFilter@1b17ee93, org.springframework.security.web.savedrequest.RequestCacheAwareFilter@48e1a0aa, org.springframework.security.web.servletapi.SecurityContextHolderAwareRequestFilter@645c1490, org.springframework.security.web.authentication.AnonymousAuthenticationFilter@e05da12, org.springframework.security.web.session.SessionManagementFilter@1a3387a7, org.springframework.security.web.access.ExceptionTranslationFilter@70ede083, org.springframework.security.web.access.intercept.FilterSecurityInterceptor@3052b931]
2024-01-08 16:18:48.860  WARN 29320 --- [restartedMain] o.s.data.convert.CustomConversions       : Registering converter from class microsoft.sql.DateTimeOffset to class java.time.OffsetDateTime as reading converter although it doesn't convert from a store-supported type; You might want to check your annotation setup at the converter implementation
2024-01-08 16:18:48.952  INFO 29320 --- [restartedMain] o.s.b.d.a.OptionalLiveReloadServer       : LiveReload server is running on port 35729
2024-01-08 16:18:48.959  INFO 29320 --- [restartedMain] o.s.b.a.e.web.EndpointLinksResolver      : Exposing 15 endpoint(s) beneath base path '/actuator'
2024-01-08 16:18:49.035  INFO 29320 --- [restartedMain] o.s.b.w.embedded.tomcat.TomcatWebServer  : Tomcat started on port(s): 8080 (http) with context path ''
2024-01-08 16:18:49.053  INFO 29320 --- [restartedMain] c.V.V.VendingMachine01Application        : Started VendingMachine01Application in 6.406 seconds (JVM running for 7.062)
2024-01-08 16:18:56.211  INFO 29320 --- [http-nio-8080-exec-1] o.a.c.c.C.[Tomcat].[localhost].[/]       : Initializing Spring DispatcherServlet 'dispatcherServlet'
2024-01-08 16:19:04.122  INFO 29320 --- [http-nio-8080-exec-3] c.V.V.controller.ProductController       : quantity for the purchase == [0, 1, 1, 0, 0, 0] 
2024-01-08 16:19:04.122  INFO 29320 --- [http-nio-8080-exec-3] c.V.V.controller.ProductController       : quantity size for the purchase == 6 
2024-01-08 16:19:07.301  INFO 29320 --- [http-nio-8080-exec-4] c.V.V.controller.ProductController       : denominationMap======================================================{TWENTY_RUPEE=0, TEN_RUPEE=0, FIVE_RUPEE=0, ONE_RUPEE=0, FIFTY_RUPEE=0, TWO_RUPEE=0}
2024-01-08 16:19:07.302  INFO 29320 --- [http-nio-8080-exec-4] c.V.V.service.InventoryService           : product id in purchase product == 60 
2024-01-08 16:19:07.302  INFO 29320 --- [http-nio-8080-exec-4] c.V.V.service.InventoryService           : inSIDE multiplePurchaseProduct METHOD
2024-01-08 16:19:07.303  INFO 29320 --- [http-nio-8080-exec-4] c.V.V.service.InventoryService           : inSIDE multiplePurchaseProduct METHOD CHANGE VALUE IS ====  0
2024-01-08 16:19:23.164  INFO 29320 --- [http-nio-8080-exec-6] c.V.V.controller.ProductController       : quantity for the purchase == [0, 1, 1, 0, 0, 0] 
2024-01-08 16:19:23.165  INFO 29320 --- [http-nio-8080-exec-6] c.V.V.controller.ProductController       : quantity size for the purchase == 6 
2024-01-08 16:19:27.032  INFO 29320 --- [http-nio-8080-exec-7] c.V.V.controller.ProductController       : denominationMap======================================================{TWENTY_RUPEE=0, TEN_RUPEE=0, FIVE_RUPEE=0, ONE_RUPEE=0, FIFTY_RUPEE=0, TWO_RUPEE=0}
2024-01-08 16:19:27.034  INFO 29320 --- [http-nio-8080-exec-7] c.V.V.service.InventoryService           : product id in purchase product == 60 
2024-01-08 16:19:27.034  INFO 29320 --- [http-nio-8080-exec-7] c.V.V.service.InventoryService           : inSIDE multiplePurchaseProduct METHOD
2024-01-08 16:19:27.035  INFO 29320 --- [http-nio-8080-exec-7] c.V.V.service.InventoryService           : inSIDE multiplePurchaseProduct METHOD CHANGE VALUE IS ====  0
2024-01-08 16:20:22.760  INFO 29320 --- [SpringApplicationShutdownHook] j.LocalContainerEntityManagerFactoryBean : Closing JPA EntityManagerFactory for persistence unit 'default'
2024-01-08 16:20:22.765  INFO 29320 --- [SpringApplicationShutdownHook] com.zaxxer.hikari.HikariDataSource       : HikariPool-1 - Shutdown initiated...
2024-01-08 16:20:22.775  INFO 29320 --- [SpringApplicationShutdownHook] com.zaxxer.hikari.HikariDataSource       : HikariPool-1 - Shutdown completed.
2024-01-08 16:20:26.451  INFO 10316 --- [restartedMain] c.V.V.VendingMachine01Application        : Starting VendingMachine01Application using Java 17.0.9 on CHE-HKUMAR-LT with PID 10316 (C:\Users\Hemanth.kumar\IdeaProjects\Vending-machine-master shared\02-01-24 4.32pm afterchanging purchase history table\Vending-machine-master\target\classes started by Hemanth.Kumar in C:\Users\Hemanth.kumar\IdeaProjects\Vending-machine-master shared\02-01-24 4.32pm afterchanging purchase history table\Vending-machine-master)
2024-01-08 16:20:26.453  INFO 10316 --- [restartedMain] c.V.V.VendingMachine01Application        : No active profile set, falling back to 1 default profile: "default"
2024-01-08 16:20:26.496  INFO 10316 --- [restartedMain] .e.DevToolsPropertyDefaultsPostProcessor : Devtools property defaults active! Set 'spring.devtools.add-properties' to 'false' to disable
2024-01-08 16:20:26.496  INFO 10316 --- [restartedMain] .e.DevToolsPropertyDefaultsPostProcessor : For additional web related logging consider setting the 'logging.level.web' property to 'DEBUG'
2024-01-08 16:20:27.572  INFO 10316 --- [restartedMain] .s.d.r.c.RepositoryConfigurationDelegate : Multiple Spring Data modules found, entering strict repository configuration mode
2024-01-08 16:20:27.573  INFO 10316 --- [restartedMain] .s.d.r.c.RepositoryConfigurationDelegate : Bootstrapping Spring Data JDBC repositories in DEFAULT mode.
2024-01-08 16:20:27.593  INFO 10316 --- [restartedMain] .s.d.r.c.RepositoryConfigurationDelegate : Finished Spring Data repository scanning in 14 ms. Found 0 JDBC repository interfaces.
2024-01-08 16:20:27.601  INFO 10316 --- [restartedMain] .s.d.r.c.RepositoryConfigurationDelegate : Multiple Spring Data modules found, entering strict repository configuration mode
2024-01-08 16:20:27.602  INFO 10316 --- [restartedMain] .s.d.r.c.RepositoryConfigurationDelegate : Bootstrapping Spring Data JPA repositories in DEFAULT mode.
2024-01-08 16:20:27.614  INFO 10316 --- [restartedMain] .s.d.r.c.RepositoryConfigurationDelegate : Finished Spring Data repository scanning in 6 ms. Found 0 JPA repository interfaces.
2024-01-08 16:20:28.485  INFO 10316 --- [restartedMain] o.s.b.w.embedded.tomcat.TomcatWebServer  : Tomcat initialized with port(s): 8080 (http)
2024-01-08 16:20:28.498  INFO 10316 --- [restartedMain] o.apache.catalina.core.StandardService   : Starting service [Tomcat]
2024-01-08 16:20:28.498  INFO 10316 --- [restartedMain] org.apache.catalina.core.StandardEngine  : Starting Servlet engine: [Apache Tomcat/9.0.68]
2024-01-08 16:20:28.783  INFO 10316 --- [restartedMain] org.apache.jasper.servlet.TldScanner     : At least one JAR was scanned for TLDs yet contained no TLDs. Enable debug logging for this logger for a complete list of JARs that were scanned but no TLDs were found in them. Skipping unneeded JARs during scanning can improve startup time and JSP compilation time.
2024-01-08 16:20:28.790  INFO 10316 --- [restartedMain] o.a.c.c.C.[Tomcat].[localhost].[/]       : Initializing Spring embedded WebApplicationContext
2024-01-08 16:20:28.791  INFO 10316 --- [restartedMain] w.s.c.ServletWebServerApplicationContext : Root WebApplicationContext: initialization completed in 2294 ms
2024-01-08 16:20:29.402  INFO 10316 --- [restartedMain] o.f.c.internal.license.VersionPrinter    : Flyway Community Edition 8.0.1 by Redgate
2024-01-08 16:20:29.403  INFO 10316 --- [restartedMain] o.f.c.i.database.base.BaseDatabaseType   : Database: jdbc:sqlserver://localhost:1433;connectRetryInterval=10;connectRetryCount=1;maxResultBuffer=-1;sendTemporalDataTypesAsStringForBulkCopy=true;delayLoadingLobs=true;useFmtOnly=false;useBulkCopyForBatchInsert=false;cancelQueryTimeout=-1;sslProtocol=TLS;jaasConfigurationName=SQLJDBCDriver;statementPoolingCacheSize=0;serverPreparedStatementDiscardThreshold=10;enablePrepareOnFirstPreparedStatementCall=false;fips=false;socketTimeout=0;authentication=NotSpecified;authenticationScheme=nativeAuthentication;xopenStates=false;sendTimeAsDatetime=true;replication=false;trustStoreType=JKS;trustServerCertificate=true;TransparentNetworkIPResolution=true;serverNameAsACE=false;sendStringParametersAsUnicode=true;selectMethod=direct;responseBuffering=adaptive;queryTimeout=-1;packetSize=8000;multiSubnetFailover=false;loginTimeout=15;lockTimeout=-1;lastUpdateCount=true;encrypt=true;disableStatementPooling=true;databaseName=flywaydemo;columnEncryptionSetting=Disabled;applicationName=Microsoft JDBC Driver for SQL Server;applicationIntent=readwrite; (Microsoft SQL Server 15.0)
2024-01-08 16:20:29.469  INFO 10316 --- [restartedMain] o.f.core.internal.command.DbValidate     : Successfully validated 2 migrations (execution time 00:00.042s)
2024-01-08 16:20:29.484  INFO 10316 --- [restartedMain] o.f.core.internal.command.DbMigrate      : Current version of schema [dbo]: 2
2024-01-08 16:20:29.488  INFO 10316 --- [restartedMain] o.f.core.internal.command.DbMigrate      : Schema [dbo] is up to date. No migration necessary.
2024-01-08 16:20:29.640  INFO 10316 --- [restartedMain] o.hibernate.jpa.internal.util.LogHelper  : HHH000204: Processing PersistenceUnitInfo [name: default]
2024-01-08 16:20:29.708  INFO 10316 --- [restartedMain] org.hibernate.Version                    : HHH000412: Hibernate ORM core version 5.6.12.Final
2024-01-08 16:20:29.906  INFO 10316 --- [restartedMain] o.hibernate.annotations.common.Version   : HCANN000001: Hibernate Commons Annotations {5.1.2.Final}
2024-01-08 16:20:30.009  INFO 10316 --- [restartedMain] com.zaxxer.hikari.HikariDataSource       : HikariPool-1 - Starting...
2024-01-08 16:20:30.053  INFO 10316 --- [restartedMain] com.zaxxer.hikari.HikariDataSource       : HikariPool-1 - Start completed.
2024-01-08 16:20:30.084  INFO 10316 --- [restartedMain] org.hibernate.dialect.Dialect            : HHH000400: Using dialect: org.hibernate.dialect.SQLServer2016Dialect
2024-01-08 16:20:30.359  INFO 10316 --- [restartedMain] o.h.e.t.j.p.i.JtaPlatformInitiator       : HHH000490: Using JtaPlatform implementation: [org.hibernate.engine.transaction.jta.platform.internal.NoJtaPlatform]
2024-01-08 16:20:30.371  INFO 10316 --- [restartedMain] j.LocalContainerEntityManagerFactoryBean : Initialized JPA EntityManagerFactory for persistence unit 'default'
2024-01-08 16:20:30.563  WARN 10316 --- [restartedMain] JpaBaseConfiguration$JpaWebConfiguration : spring.jpa.open-in-view is enabled by default. Therefore, database queries may be performed during view rendering. Explicitly configure spring.jpa.open-in-view to disable this warning
2024-01-08 16:20:30.707  INFO 10316 --- [restartedMain] o.s.s.web.DefaultSecurityFilterChain     : Will secure any request with [org.springframework.security.web.session.DisableEncodeUrlFilter@1212e135, org.springframework.security.web.context.request.async.WebAsyncManagerIntegrationFilter@14415cd5, org.springframework.security.web.context.SecurityContextPersistenceFilter@13cb45a1, org.springframework.security.web.header.HeaderWriterFilter@47ad0bb2, org.springframework.security.web.authentication.logout.LogoutFilter@157f1d54, org.springframework.security.web.authentication.UsernamePasswordAuthenticationFilter@6e96b19f, org.springframework.security.web.savedrequest.RequestCacheAwareFilter@41f2f640, org.springframework.security.web.servletapi.SecurityContextHolderAwareRequestFilter@5817df8d, org.springframework.security.web.authentication.AnonymousAuthenticationFilter@501cd9f, org.springframework.security.web.session.SessionManagementFilter@6494099e, org.springframework.security.web.access.ExceptionTranslationFilter@25052f1, org.springframework.security.web.access.intercept.FilterSecurityInterceptor@6c68bf58]
2024-01-08 16:20:31.881  WARN 10316 --- [restartedMain] o.s.data.convert.CustomConversions       : Registering converter from class microsoft.sql.DateTimeOffset to class java.time.OffsetDateTime as reading converter although it doesn't convert from a store-supported type; You might want to check your annotation setup at the converter implementation
2024-01-08 16:20:31.975  INFO 10316 --- [restartedMain] o.s.b.d.a.OptionalLiveReloadServer       : LiveReload server is running on port 35729
2024-01-08 16:20:31.981  INFO 10316 --- [restartedMain] o.s.b.a.e.web.EndpointLinksResolver      : Exposing 15 endpoint(s) beneath base path '/actuator'
2024-01-08 16:20:32.053  INFO 10316 --- [restartedMain] o.s.b.w.embedded.tomcat.TomcatWebServer  : Tomcat started on port(s): 8080 (http) with context path ''
2024-01-08 16:20:32.070  INFO 10316 --- [restartedMain] c.V.V.VendingMachine01Application        : Started VendingMachine01Application in 6.033 seconds (JVM running for 6.632)
2024-01-08 16:20:37.042  INFO 10316 --- [http-nio-8080-exec-1] o.a.c.c.C.[Tomcat].[localhost].[/]       : Initializing Spring DispatcherServlet 'dispatcherServlet'
2024-01-08 16:20:45.625  INFO 10316 --- [http-nio-8080-exec-3] c.V.V.controller.ProductController       : quantity for the purchase == [0, 1, 1, 0, 0, 0] 
2024-01-08 16:20:45.625  INFO 10316 --- [http-nio-8080-exec-3] c.V.V.controller.ProductController       : quantity size for the purchase == 6 
2024-01-08 16:20:49.609  INFO 10316 --- [http-nio-8080-exec-4] c.V.V.controller.ProductController       : denominationMap======================================================{TEN_RUPEE=0, TWENTY_RUPEE=0, TWO_RUPEE=0, FIVE_RUPEE=0, ONE_RUPEE=0, FIFTY_RUPEE=2}
2024-01-08 16:20:49.616  INFO 10316 --- [http-nio-8080-exec-4] c.V.V.service.InventoryService           : product id in purchase product == 60 
2024-01-08 16:20:49.618  INFO 10316 --- [http-nio-8080-exec-4] c.V.V.service.InventoryService           : inSIDE multiplePurchaseProduct METHOD
2024-01-08 16:20:49.618  INFO 10316 --- [http-nio-8080-exec-4] c.V.V.service.InventoryService           : inSIDE multiplePurchaseProduct METHOD CHANGE VALUE IS ====  40
2024-01-08 16:20:49.651  INFO 10316 --- [http-nio-8080-exec-4] c.V.V.service.InventoryService           : Change amount for the purchase == 40 
2024-01-08 16:20:49.659  INFO 10316 --- [http-nio-8080-exec-4] c.V.V.service.InventoryService           : New balance in the vending machine == 2345
2024-01-08 16:20:49.673  INFO 10316 --- [http-nio-8080-exec-4] c.V.V.service.InventoryService           : Change Denominations:
2024-01-08 16:20:49.675  INFO 10316 --- [http-nio-8080-exec-4] c.V.V.service.InventoryService           : 20 Rupees: 2 notes/coins
2024-01-08 16:20:49.710  INFO 10316 --- [http-nio-8080-exec-4] c.V.V.service.InventoryService           : in addUpdateDenominationCounts METHOD
2024-01-08 16:20:49.718  INFO 10316 --- [http-nio-8080-exec-4] c.V.V.service.InventoryService           : in addUpdateDenominationCounts METHOD
2024-01-08 16:20:49.724  INFO 10316 --- [http-nio-8080-exec-4] c.V.V.service.InventoryService           : in addUpdateDenominationCounts METHOD
2024-01-08 16:20:49.728  INFO 10316 --- [http-nio-8080-exec-4] c.V.V.service.InventoryService           : in addUpdateDenominationCounts METHOD
2024-01-08 16:20:49.741  INFO 10316 --- [http-nio-8080-exec-4] c.V.V.service.InventoryService           : in addUpdateDenominationCounts METHOD
2024-01-08 16:20:49.743  INFO 10316 --- [http-nio-8080-exec-4] c.V.V.service.InventoryService           : in addUpdateDenominationCounts METHOD
2024-01-08 16:37:09.790  WARN 10316 --- [HikariPool-1 housekeeper] com.zaxxer.hikari.pool.HikariPool        : HikariPool-1 - Thread starvation or clock leap detected (housekeeper delta=12m4s256ms412µs800ns).
2024-01-08 16:37:53.780  INFO 10316 --- [SpringApplicationShutdownHook] j.LocalContainerEntityManagerFactoryBean : Closing JPA EntityManagerFactory for persistence unit 'default'
2024-01-08 16:37:53.786  INFO 10316 --- [SpringApplicationShutdownHook] com.zaxxer.hikari.HikariDataSource       : HikariPool-1 - Shutdown initiated...
2024-01-08 16:37:53.794  INFO 10316 --- [SpringApplicationShutdownHook] com.zaxxer.hikari.HikariDataSource       : HikariPool-1 - Shutdown completed.
